  [1m[35m (56.7ms)[0m  [1m[35mCREATE TABLE "schema_migrations" ("version" character varying PRIMARY KEY)[0m
  [1m[35m (15.5ms)[0m  [1m[35mCREATE TABLE "ar_internal_metadata" ("key" character varying PRIMARY KEY, "value" character varying, "created_at" timestamp NOT NULL, "updated_at" timestamp NOT NULL)[0m
  [1m[35m (0.3ms)[0m  [1m[34mSELECT pg_try_advisory_lock(377244332863574190);[0m
  [1m[36mActiveRecord::SchemaMigration Load (0.6ms)[0m  [1m[34mSELECT "schema_migrations".* FROM "schema_migrations"[0m
  [1m[36mActiveRecord::InternalMetadata Load (1.1ms)[0m  [1m[34mSELECT  "ar_internal_metadata".* FROM "ar_internal_metadata" WHERE "ar_internal_metadata"."key" = $1 LIMIT $2[0m  [["key", :environment], ["LIMIT", 1]]
  [1m[35m (0.3ms)[0m  [1m[35mBEGIN[0m
  [1m[35mSQL (0.7ms)[0m  [1m[32mINSERT INTO "ar_internal_metadata" ("key", "value", "created_at", "updated_at") VALUES ($1, $2, $3, $4) RETURNING "key"[0m  [["key", "environment"], ["value", "development"], ["created_at", 2016-10-31 23:03:52 UTC], ["updated_at", 2016-10-31 23:03:52 UTC]]
  [1m[35m (0.7ms)[0m  [1m[35mCOMMIT[0m
  [1m[35m (0.3ms)[0m  [1m[34mSELECT pg_advisory_unlock(377244332863574190)[0m
  [1m[36mActiveRecord::SchemaMigration Load (0.5ms)[0m  [1m[34mSELECT "schema_migrations".* FROM "schema_migrations"[0m
Started GET "/contatos" for 127.0.0.1 at 2016-10-31 20:04:09 -0300
  
ActionController::RoutingError (No route matches [GET] "/contatos"):
  
actionpack (5.0.0.1) lib/action_dispatch/middleware/debug_exceptions.rb:53:in `call'
web-console (3.4.0) lib/web_console/middleware.rb:135:in `call_app'
web-console (3.4.0) lib/web_console/middleware.rb:28:in `block in call'
web-console (3.4.0) lib/web_console/middleware.rb:18:in `catch'
web-console (3.4.0) lib/web_console/middleware.rb:18:in `call'
actionpack (5.0.0.1) lib/action_dispatch/middleware/show_exceptions.rb:31:in `call'
railties (5.0.0.1) lib/rails/rack/logger.rb:36:in `call_app'
railties (5.0.0.1) lib/rails/rack/logger.rb:24:in `block in call'
activesupport (5.0.0.1) lib/active_support/tagged_logging.rb:70:in `block in tagged'
activesupport (5.0.0.1) lib/active_support/tagged_logging.rb:26:in `tagged'
activesupport (5.0.0.1) lib/active_support/tagged_logging.rb:70:in `tagged'
railties (5.0.0.1) lib/rails/rack/logger.rb:24:in `call'
sprockets-rails (3.2.0) lib/sprockets/rails/quiet_assets.rb:13:in `call'
actionpack (5.0.0.1) lib/action_dispatch/middleware/request_id.rb:24:in `call'
rack (2.0.1) lib/rack/method_override.rb:22:in `call'
rack (2.0.1) lib/rack/runtime.rb:22:in `call'
activesupport (5.0.0.1) lib/active_support/cache/strategy/local_cache_middleware.rb:28:in `call'
actionpack (5.0.0.1) lib/action_dispatch/middleware/executor.rb:12:in `call'
actionpack (5.0.0.1) lib/action_dispatch/middleware/static.rb:136:in `call'
rack (2.0.1) lib/rack/sendfile.rb:111:in `call'
railties (5.0.0.1) lib/rails/engine.rb:522:in `call'
puma (3.6.0) lib/puma/configuration.rb:225:in `call'
puma (3.6.0) lib/puma/server.rb:578:in `handle_request'
puma (3.6.0) lib/puma/server.rb:415:in `process_client'
puma (3.6.0) lib/puma/server.rb:275:in `block in run'
puma (3.6.0) lib/puma/thread_pool.rb:116:in `block in spawn_thread'
  Rendering /home/leonardo/.rbenv/versions/2.3.1/lib/ruby/gems/2.3.0/gems/actionpack-5.0.0.1/lib/action_dispatch/middleware/templates/rescues/routing_error.html.erb within rescues/layout
  Rendering /home/leonardo/.rbenv/versions/2.3.1/lib/ruby/gems/2.3.0/gems/actionpack-5.0.0.1/lib/action_dispatch/middleware/templates/rescues/_trace.html.erb
  Rendered /home/leonardo/.rbenv/versions/2.3.1/lib/ruby/gems/2.3.0/gems/actionpack-5.0.0.1/lib/action_dispatch/middleware/templates/rescues/_trace.html.erb (1.5ms)
  Rendered /home/leonardo/.rbenv/versions/2.3.1/lib/ruby/gems/2.3.0/gems/actionpack-5.0.0.1/lib/action_dispatch/middleware/templates/routes/_table.html.erb (43.7ms)
  Rendering /home/leonardo/.rbenv/versions/2.3.1/lib/ruby/gems/2.3.0/gems/actionpack-5.0.0.1/lib/action_dispatch/middleware/templates/rescues/_request_and_response.html.erb
  Rendered /home/leonardo/.rbenv/versions/2.3.1/lib/ruby/gems/2.3.0/gems/actionpack-5.0.0.1/lib/action_dispatch/middleware/templates/rescues/_request_and_response.html.erb (85.3ms)
  Rendered /home/leonardo/.rbenv/versions/2.3.1/lib/ruby/gems/2.3.0/gems/actionpack-5.0.0.1/lib/action_dispatch/middleware/templates/rescues/routing_error.html.erb within rescues/layout (209.8ms)
Started GET "/" for 127.0.0.1 at 2016-10-31 20:04:21 -0300
Processing by Rails::WelcomeController#index as HTML
  Parameters: {"internal"=>true}
  Rendering /home/leonardo/.rbenv/versions/2.3.1/lib/ruby/gems/2.3.0/gems/railties-5.0.0.1/lib/rails/templates/rails/welcome/index.html.erb
  Rendered /home/leonardo/.rbenv/versions/2.3.1/lib/ruby/gems/2.3.0/gems/railties-5.0.0.1/lib/rails/templates/rails/welcome/index.html.erb (2.6ms)
Completed 200 OK in 34ms (Views: 7.6ms | ActiveRecord: 0.0ms)


  [1m[35m (0.1ms)[0m  [1m[34mSELECT pg_try_advisory_lock(377244332863574190);[0m
  [1m[36mActiveRecord::SchemaMigration Load (0.4ms)[0m  [1m[34mSELECT "schema_migrations".* FROM "schema_migrations"[0m
Migrating to CreateContatos (20161031230524)
  [1m[35m (0.1ms)[0m  [1m[35mBEGIN[0m
  [1m[35m (108.7ms)[0m  [1m[35mCREATE TABLE "contatos" ("id" serial primary key, "nome" character varying, "telefone" character varying, "email" character varying, "curso" character varying, "created_at" timestamp NOT NULL, "updated_at" timestamp NOT NULL)[0m
  [1m[35mSQL (1.4ms)[0m  [1m[32mINSERT INTO "schema_migrations" ("version") VALUES ($1) RETURNING "version"[0m  [["version", "20161031230524"]]
  [1m[35m (14.4ms)[0m  [1m[35mCOMMIT[0m
  [1m[36mActiveRecord::InternalMetadata Load (0.3ms)[0m  [1m[34mSELECT  "ar_internal_metadata".* FROM "ar_internal_metadata" WHERE "ar_internal_metadata"."key" = $1 LIMIT $2[0m  [["key", :environment], ["LIMIT", 1]]
  [1m[35m (0.2ms)[0m  [1m[35mBEGIN[0m
  [1m[35m (0.2ms)[0m  [1m[35mCOMMIT[0m
  [1m[35m (0.2ms)[0m  [1m[34mSELECT pg_advisory_unlock(377244332863574190)[0m
  [1m[36mActiveRecord::SchemaMigration Load (0.2ms)[0m  [1m[34mSELECT "schema_migrations".* FROM "schema_migrations"[0m
  [1m[35m (8.6ms)[0m  [1m[34mSELECT t2.oid::regclass::text AS to_table, a1.attname AS column, a2.attname AS primary_key, c.conname AS name, c.confupdtype AS on_update, c.confdeltype AS on_delete
FROM pg_constraint c
JOIN pg_class t1 ON c.conrelid = t1.oid
JOIN pg_class t2 ON c.confrelid = t2.oid
JOIN pg_attribute a1 ON a1.attnum = c.conkey[1] AND a1.attrelid = t1.oid
JOIN pg_attribute a2 ON a2.attnum = c.confkey[1] AND a2.attrelid = t2.oid
JOIN pg_namespace t3 ON c.connamespace = t3.oid
WHERE c.contype = 'f'
  AND t1.relname = 'contatos'
  AND t3.nspname = ANY (current_schemas(false))
ORDER BY c.conname
[0m
Started GET "/contatos" for 127.0.0.1 at 2016-10-31 20:07:07 -0300
  [1m[36mActiveRecord::SchemaMigration Load (0.5ms)[0m  [1m[34mSELECT "schema_migrations".* FROM "schema_migrations"[0m
Processing by ContatosController#index as HTML
  Rendering contatos/index.html.erb within layouts/application
  [1m[36mContato Load (3.1ms)[0m  [1m[34mSELECT "contatos".* FROM "contatos"[0m
  Rendered contatos/index.html.erb within layouts/application (19.1ms)
Completed 200 OK in 2907ms (Views: 2864.8ms | ActiveRecord: 4.2ms)


Started GET "/contatos/new" for 127.0.0.1 at 2016-10-31 20:07:14 -0300
Processing by ContatosController#new as HTML
  Rendering contatos/new.html.erb within layouts/application
  Rendered contatos/_form.html.erb (151.9ms)
  Rendered contatos/new.html.erb within layouts/application (160.5ms)
Completed 200 OK in 280ms (Views: 262.3ms | ActiveRecord: 4.1ms)


Started GET "/contatos/new" for 127.0.0.1 at 2016-10-31 20:08:36 -0300
Processing by ContatosController#new as HTML
  Rendering contatos/new.html.erb within layouts/application
  Rendered contatos/_form.html.erb (16.4ms)
  Rendered contatos/new.html.erb within layouts/application (19.1ms)
Completed 200 OK in 109ms (Views: 93.7ms | ActiveRecord: 0.0ms)


Started POST "/contatos" for 127.0.0.1 at 2016-10-31 20:08:55 -0300
Processing by ContatosController#create as HTML
  Parameters: {"utf8"=>"✓", "authenticity_token"=>"ISzAIxoKKQiVn1pR/OdQcNfami4d9ZUvSWP7Bs3LEW4Lg/r1m/rp+Ua/2sdzAzIDbAfgC/T7w9JhGLy9HoolsA==", "contato"=>{"nome"=>"leohvdohgod", "telefone"=>"87561425", "email"=>"inok@5678kgmai.com", "curso"=>"siatema de informação"}, "commit"=>"Create Contato"}
  [1m[35m (4.5ms)[0m  [1m[35mBEGIN[0m
  [1m[35mSQL (0.7ms)[0m  [1m[32mINSERT INTO "contatos" ("nome", "telefone", "email", "curso", "created_at", "updated_at") VALUES ($1, $2, $3, $4, $5, $6) RETURNING "id"[0m  [["nome", "leohvdohgod"], ["telefone", "87561425"], ["email", "inok@5678kgmai.com"], ["curso", "siatema de informação"], ["created_at", 2016-10-31 23:08:55 UTC], ["updated_at", 2016-10-31 23:08:55 UTC]]
  [1m[35m (51.2ms)[0m  [1m[35mCOMMIT[0m
Redirected to http://localhost:3000/contatos/1
Completed 302 Found in 72ms (ActiveRecord: 56.5ms)


Started GET "/contatos/1" for 127.0.0.1 at 2016-10-31 20:08:55 -0300
Processing by ContatosController#show as HTML
  Parameters: {"id"=>"1"}
  [1m[36mContato Load (1.1ms)[0m  [1m[34mSELECT  "contatos".* FROM "contatos" WHERE "contatos"."id" = $1 LIMIT $2[0m  [["id", 1], ["LIMIT", 1]]
  Rendering contatos/show.html.erb within layouts/application
  Rendered contatos/show.html.erb within layouts/application (1.4ms)
Completed 200 OK in 156ms (Views: 82.9ms | ActiveRecord: 3.6ms)


Started GET "/contatos" for 127.0.0.1 at 2016-10-31 20:09:00 -0300
Processing by ContatosController#index as HTML
  Rendering contatos/index.html.erb within layouts/application
  [1m[36mContato Load (0.5ms)[0m  [1m[34mSELECT "contatos".* FROM "contatos"[0m
  Rendered contatos/index.html.erb within layouts/application (3.3ms)
Completed 200 OK in 73ms (Views: 66.1ms | ActiveRecord: 0.5ms)


Started GET "/contatos/new" for 127.0.0.1 at 2016-10-31 20:11:55 -0300
Processing by ContatosController#new as HTML
  Rendering contatos/new.html.erb within layouts/application
  Rendered contatos/_form.html.erb (8.2ms)
  Rendered contatos/new.html.erb within layouts/application (12.9ms)
Completed 200 OK in 67ms (Views: 65.7ms | ActiveRecord: 0.0ms)


Started POST "/contatos" for 127.0.0.1 at 2016-10-31 20:11:57 -0300
Processing by ContatosController#create as HTML
  Parameters: {"utf8"=>"✓", "authenticity_token"=>"FYc+aH3pZx0vaSnAJFBZgFQQyrOOWmzkHFK6pDDh/7thlFfyz8MAIe8xJr1e+acmU62F3nwt6Cx0UlhK9Omr0Q==", "contato"=>{"nome"=>"", "telefone"=>"", "email"=>"", "curso"=>""}, "commit"=>"Create Contato"}
  [1m[35m (3.9ms)[0m  [1m[35mBEGIN[0m
  [1m[35mSQL (0.5ms)[0m  [1m[32mINSERT INTO "contatos" ("nome", "telefone", "email", "curso", "created_at", "updated_at") VALUES ($1, $2, $3, $4, $5, $6) RETURNING "id"[0m  [["nome", ""], ["telefone", ""], ["email", ""], ["curso", ""], ["created_at", 2016-10-31 23:11:57 UTC], ["updated_at", 2016-10-31 23:11:57 UTC]]
  [1m[35m (13.6ms)[0m  [1m[35mCOMMIT[0m
Redirected to http://localhost:3000/contatos/2
Completed 302 Found in 25ms (ActiveRecord: 17.9ms)


Started GET "/contatos/2" for 127.0.0.1 at 2016-10-31 20:11:58 -0300
Processing by ContatosController#show as HTML
  Parameters: {"id"=>"2"}
  [1m[36mContato Load (0.2ms)[0m  [1m[34mSELECT  "contatos".* FROM "contatos" WHERE "contatos"."id" = $1 LIMIT $2[0m  [["id", 2], ["LIMIT", 1]]
  Rendering contatos/show.html.erb within layouts/application
  Rendered contatos/show.html.erb within layouts/application (6.3ms)
Completed 200 OK in 62ms (Views: 59.0ms | ActiveRecord: 0.4ms)


Started GET "/contatos" for 127.0.0.1 at 2016-10-31 20:11:59 -0300
Processing by ContatosController#index as HTML
  Rendering contatos/index.html.erb within layouts/application
  [1m[36mContato Load (2.8ms)[0m  [1m[34mSELECT "contatos".* FROM "contatos"[0m
  Rendered contatos/index.html.erb within layouts/application (4.9ms)
Completed 200 OK in 70ms (Views: 66.4ms | ActiveRecord: 2.8ms)


Started GET "/contatos" for 127.0.0.1 at 2016-10-31 20:12:10 -0300
Processing by ContatosController#index as HTML
  Rendering contatos/index.html.erb within layouts/application
  [1m[36mContato Load (0.4ms)[0m  [1m[34mSELECT "contatos".* FROM "contatos"[0m
  Rendered contatos/index.html.erb within layouts/application (11.2ms)
Completed 200 OK in 55ms (Views: 53.1ms | ActiveRecord: 0.4ms)


Started GET "/contatos/new" for 127.0.0.1 at 2016-10-31 20:12:13 -0300
Processing by ContatosController#new as HTML
  Rendering contatos/new.html.erb within layouts/application
  Rendered contatos/_form.html.erb (7.0ms)
  Rendered contatos/new.html.erb within layouts/application (12.1ms)
Completed 200 OK in 44ms (Views: 43.2ms | ActiveRecord: 0.0ms)


Started GET "/contatos/new" for 127.0.0.1 at 2016-10-31 20:12:29 -0300
Processing by ContatosController#new as HTML
  Rendering contatos/new.html.erb within layouts/application
  Rendered contatos/_form.html.erb (7.0ms)
  Rendered contatos/new.html.erb within layouts/application (11.8ms)
Completed 200 OK in 67ms (Views: 65.4ms | ActiveRecord: 0.0ms)


Started POST "/contatos" for 127.0.0.1 at 2016-10-31 20:12:37 -0300
Processing by ContatosController#create as HTML
  Parameters: {"utf8"=>"✓", "authenticity_token"=>"47urpuG7fIAt20yvS+WM+UPmjN47x7fGTf7fHT/yxi7JFJFwYEu8cf77zDnEAe6K+Dv2+9LJ4TtlhZim7LPy8A==", "contato"=>{"nome"=>"marcos ", "telefone"=>"", "email"=>"", "curso"=>""}, "commit"=>"Create Contato"}
  [1m[35m (2.9ms)[0m  [1m[35mBEGIN[0m
  [1m[35mSQL (0.6ms)[0m  [1m[32mINSERT INTO "contatos" ("nome", "telefone", "email", "curso", "created_at", "updated_at") VALUES ($1, $2, $3, $4, $5, $6) RETURNING "id"[0m  [["nome", "marcos "], ["telefone", ""], ["email", ""], ["curso", ""], ["created_at", 2016-10-31 23:12:37 UTC], ["updated_at", 2016-10-31 23:12:37 UTC]]
  [1m[35m (18.7ms)[0m  [1m[35mCOMMIT[0m
Redirected to http://localhost:3000/contatos/3
Completed 302 Found in 26ms (ActiveRecord: 22.2ms)


Started GET "/contatos/3" for 127.0.0.1 at 2016-10-31 20:12:37 -0300
Processing by ContatosController#show as HTML
  Parameters: {"id"=>"3"}
  [1m[36mContato Load (0.4ms)[0m  [1m[34mSELECT  "contatos".* FROM "contatos" WHERE "contatos"."id" = $1 LIMIT $2[0m  [["id", 3], ["LIMIT", 1]]
  Rendering contatos/show.html.erb within layouts/application
  Rendered contatos/show.html.erb within layouts/application (0.9ms)
Completed 200 OK in 51ms (Views: 49.0ms | ActiveRecord: 0.4ms)


Started GET "/contatos" for 127.0.0.1 at 2016-10-31 20:12:41 -0300
Processing by ContatosController#index as HTML
  Rendering contatos/index.html.erb within layouts/application
  [1m[36mContato Load (2.2ms)[0m  [1m[34mSELECT "contatos".* FROM "contatos"[0m
  Rendered contatos/index.html.erb within layouts/application (322.0ms)
Completed 500 Internal Server Error in 326ms (ActiveRecord: 2.2ms)


  
ActionView::Template::Error (undefined local variable or method `novo_contato_path' for #<#<Class:0x0055e0da4ecc10>:0x007fdab13ea128>):
    30: 
    31: <br>
    32: 
    33: <%= link_to 'novo contato', novo_contato_path %>
  
app/views/contatos/index.html.erb:33:in `_app_views_contatos_index_html_erb___3260722735751395498_70288626638080'
  Rendering /home/leonardo/.rbenv/versions/2.3.1/lib/ruby/gems/2.3.0/gems/actionpack-5.0.0.1/lib/action_dispatch/middleware/templates/rescues/template_error.html.erb within rescues/layout
  Rendering /home/leonardo/.rbenv/versions/2.3.1/lib/ruby/gems/2.3.0/gems/actionpack-5.0.0.1/lib/action_dispatch/middleware/templates/rescues/_source.html.erb
  Rendered /home/leonardo/.rbenv/versions/2.3.1/lib/ruby/gems/2.3.0/gems/actionpack-5.0.0.1/lib/action_dispatch/middleware/templates/rescues/_source.html.erb (7.9ms)
  Rendering /home/leonardo/.rbenv/versions/2.3.1/lib/ruby/gems/2.3.0/gems/actionpack-5.0.0.1/lib/action_dispatch/middleware/templates/rescues/_trace.html.erb
  Rendered /home/leonardo/.rbenv/versions/2.3.1/lib/ruby/gems/2.3.0/gems/actionpack-5.0.0.1/lib/action_dispatch/middleware/templates/rescues/_trace.html.erb (11.6ms)
  Rendering /home/leonardo/.rbenv/versions/2.3.1/lib/ruby/gems/2.3.0/gems/actionpack-5.0.0.1/lib/action_dispatch/middleware/templates/rescues/_request_and_response.html.erb
  Rendered /home/leonardo/.rbenv/versions/2.3.1/lib/ruby/gems/2.3.0/gems/actionpack-5.0.0.1/lib/action_dispatch/middleware/templates/rescues/_request_and_response.html.erb (0.9ms)
  Rendered /home/leonardo/.rbenv/versions/2.3.1/lib/ruby/gems/2.3.0/gems/actionpack-5.0.0.1/lib/action_dispatch/middleware/templates/rescues/template_error.html.erb within rescues/layout (64.7ms)
Started GET "/contatos" for 127.0.0.1 at 2016-10-31 20:12:55 -0300
Processing by ContatosController#index as HTML
  Rendering contatos/index.html.erb within layouts/application
  [1m[36mContato Load (0.3ms)[0m  [1m[34mSELECT "contatos".* FROM "contatos"[0m
  Rendered contatos/index.html.erb within layouts/application (2.8ms)
Completed 200 OK in 63ms (Views: 61.3ms | ActiveRecord: 0.3ms)


Started GET "/contatos/new" for 127.0.0.1 at 2016-10-31 20:12:57 -0300
Processing by ContatosController#new as HTML
  Rendering contatos/new.html.erb within layouts/application
  Rendered contatos/_form.html.erb (8.1ms)
  Rendered contatos/new.html.erb within layouts/application (12.4ms)
Completed 200 OK in 50ms (Views: 47.7ms | ActiveRecord: 0.0ms)


Started GET "/contatos" for 127.0.0.1 at 2016-10-31 20:13:28 -0300
Processing by ContatosController#index as HTML
  Rendering contatos/index.html.erb within layouts/application
  [1m[36mContato Load (1.7ms)[0m  [1m[34mSELECT "contatos".* FROM "contatos"[0m
  Rendered contatos/index.html.erb within layouts/application (11.6ms)
Completed 200 OK in 59ms (Views: 55.6ms | ActiveRecord: 1.7ms)


Started GET "/contatos/new" for 127.0.0.1 at 2016-10-31 20:13:30 -0300
Processing by ContatosController#new as HTML
  Rendering contatos/new.html.erb within layouts/application
  Rendered contatos/_form.html.erb (25.7ms)
  Rendered contatos/new.html.erb within layouts/application (27.1ms)
Completed 200 OK in 75ms (Views: 68.4ms | ActiveRecord: 0.0ms)


Started GET "/contatos/new" for 127.0.0.1 at 2016-10-31 20:16:34 -0300
Processing by ContatosController#new as HTML
  Rendering contatos/new.html.erb within layouts/application
  Rendered contatos/_form.html.erb (3.1ms)
  Rendered contatos/new.html.erb within layouts/application (15.8ms)
Completed 200 OK in 60ms (Views: 58.2ms | ActiveRecord: 0.0ms)


Started GET "/contatos" for 127.0.0.1 at 2016-11-02 13:16:30 -0300
  [1m[36mActiveRecord::SchemaMigration Load (25.7ms)[0m  [1m[34mSELECT "schema_migrations".* FROM "schema_migrations"[0m
Processing by ContatosController#index as HTML
  Rendering contatos/index.html.erb within layouts/application
  [1m[36mContato Load (24.9ms)[0m  [1m[34mSELECT "contatos".* FROM "contatos"[0m
  Rendered contatos/index.html.erb within layouts/application (155.4ms)
Completed 200 OK in 3306ms (Views: 3116.5ms | ActiveRecord: 107.4ms)


Started GET "/contatos/new" for 127.0.0.1 at 2016-11-02 13:16:48 -0300
Processing by ContatosController#new as HTML
  Rendering contatos/new.html.erb within layouts/application
  Rendered contatos/_form.html.erb (135.4ms)
  Rendered contatos/new.html.erb within layouts/application (137.5ms)
Completed 200 OK in 224ms (Views: 173.5ms | ActiveRecord: 0.0ms)


Started POST "/contatos" for 127.0.0.1 at 2016-11-02 13:34:39 -0300
  [1m[36mActiveRecord::SchemaMigration Load (0.4ms)[0m  [1m[34mSELECT "schema_migrations".* FROM "schema_migrations"[0m
Processing by ContatosController#create as HTML
  Parameters: {"utf8"=>"✓", "authenticity_token"=>"4NlxlA7w07cZ7Us6RHBTzd92Y1GbWA8d6vqOCjt4adsTW+wFYb5pr3ow2itsPTsaz1pUZ88tFIkuOsSc3mOFDw==", "contato"=>{"nome"=>"", "telefone"=>"", "email"=>"", "curso"=>""}, "commit"=>"Create Contato"}
  [1m[35m (0.1ms)[0m  [1m[35mBEGIN[0m
  [1m[35mSQL (99.5ms)[0m  [1m[32mINSERT INTO "contatos" ("nome", "telefone", "email", "curso", "created_at", "updated_at") VALUES ($1, $2, $3, $4, $5, $6) RETURNING "id"[0m  [["nome", ""], ["telefone", ""], ["email", ""], ["curso", ""], ["created_at", 2016-11-02 16:34:40 UTC], ["updated_at", 2016-11-02 16:34:40 UTC]]
  [1m[35m (92.9ms)[0m  [1m[35mCOMMIT[0m
Redirected to http://localhost:3000/contatos/4
Completed 302 Found in 357ms (ActiveRecord: 203.2ms)


Started GET "/contatos/4" for 127.0.0.1 at 2016-11-02 13:34:40 -0300
Processing by ContatosController#show as HTML
  Parameters: {"id"=>"4"}
  [1m[36mContato Load (2.7ms)[0m  [1m[34mSELECT  "contatos".* FROM "contatos" WHERE "contatos"."id" = $1 LIMIT $2[0m  [["id", 4], ["LIMIT", 1]]
  Rendering contatos/show.html.erb within layouts/application
  Rendered contatos/show.html.erb within layouts/application (3.6ms)
Completed 200 OK in 931ms (Views: 845.3ms | ActiveRecord: 2.9ms)


Started GET "/contatos" for 127.0.0.1 at 2016-11-04 22:05:13 -0300
  [1m[36mActiveRecord::SchemaMigration Load (25.4ms)[0m  [1m[34mSELECT "schema_migrations".* FROM "schema_migrations"[0m
Processing by ContatosController#index as HTML
  Rendering contatos/index.html.erb within layouts/application
  [1m[36mContato Load (25.2ms)[0m  [1m[34mSELECT "contatos".* FROM "contatos"[0m
  Rendered contatos/index.html.erb within layouts/application (167.3ms)
Completed 200 OK in 2288ms (Views: 2138.2ms | ActiveRecord: 100.2ms)


Started GET "/contatos/new" for 127.0.0.1 at 2016-11-04 22:05:21 -0300
Processing by ContatosController#new as HTML
  Rendering contatos/new.html.erb within layouts/application
  Rendered contatos/_form.html.erb (204.7ms)
  Rendered contatos/new.html.erb within layouts/application (215.3ms)
Completed 200 OK in 775ms (Views: 307.5ms | ActiveRecord: 0.0ms)


Started POST "/contatos" for 127.0.0.1 at 2016-11-04 22:05:46 -0300
Processing by ContatosController#create as HTML
  Parameters: {"utf8"=>"✓", "authenticity_token"=>"vfrGA01fYHDkEr8yhMqOrJbX0MxL5VyMshkYNdpkIGemggUqa5jEgimrqGZPaNxeHhb6s+xwC2umzO+MfFWUYg==", "contato"=>{"nome"=>"daniele", "telefone"=>"34567892345", "email"=>"dsgdbflnfmb", "curso"=>"siatema de informação"}, "commit"=>"Create Contato"}
  [1m[35m (0.1ms)[0m  [1m[35mBEGIN[0m
  [1m[35mSQL (27.8ms)[0m  [1m[32mINSERT INTO "contatos" ("nome", "telefone", "email", "curso", "created_at", "updated_at") VALUES ($1, $2, $3, $4, $5, $6) RETURNING "id"[0m  [["nome", "daniele"], ["telefone", "34567892345"], ["email", "dsgdbflnfmb"], ["curso", "siatema de informação"], ["created_at", 2016-11-05 01:05:46 UTC], ["updated_at", 2016-11-05 01:05:46 UTC]]
  [1m[35m (14.0ms)[0m  [1m[35mCOMMIT[0m
Redirected to http://localhost:3000/contatos/5
Completed 302 Found in 90ms (ActiveRecord: 41.9ms)


Started GET "/contatos/5" for 127.0.0.1 at 2016-11-04 22:05:46 -0300
Processing by ContatosController#show as HTML
  Parameters: {"id"=>"5"}
  [1m[36mContato Load (0.3ms)[0m  [1m[34mSELECT  "contatos".* FROM "contatos" WHERE "contatos"."id" = $1 LIMIT $2[0m  [["id", 5], ["LIMIT", 1]]
  Rendering contatos/show.html.erb within layouts/application
  Rendered contatos/show.html.erb within layouts/application (1.5ms)
Completed 200 OK in 122ms (Views: 77.1ms | ActiveRecord: 6.4ms)


Started GET "/contatos" for 127.0.0.1 at 2016-11-04 22:05:49 -0300
Processing by ContatosController#index as HTML
  Rendering contatos/index.html.erb within layouts/application
  [1m[36mContato Load (4.8ms)[0m  [1m[34mSELECT "contatos".* FROM "contatos"[0m
  Rendered contatos/index.html.erb within layouts/application (8.8ms)
Completed 200 OK in 75ms (Views: 68.6ms | ActiveRecord: 4.8ms)


Started GET "/contatos/1/edit" for 127.0.0.1 at 2016-11-04 22:05:56 -0300
Processing by ContatosController#edit as HTML
  Parameters: {"id"=>"1"}
  [1m[36mContato Load (0.2ms)[0m  [1m[34mSELECT  "contatos".* FROM "contatos" WHERE "contatos"."id" = $1 LIMIT $2[0m  [["id", 1], ["LIMIT", 1]]
  Rendering contatos/edit.html.erb within layouts/application
  Rendered contatos/_form.html.erb (7.2ms)
  Rendered contatos/edit.html.erb within layouts/application (9.4ms)
Completed 200 OK in 76ms (Views: 41.4ms | ActiveRecord: 0.4ms)


Started PATCH "/contatos/1" for 127.0.0.1 at 2016-11-04 22:06:02 -0300
Processing by ContatosController#update as HTML
  Parameters: {"utf8"=>"✓", "authenticity_token"=>"Urt12iQMsWWuzdmBAJjJFgvU1FotGV4bfnQgrXo7DIZUlEuI7/ZO7XJoqsGm9ult1UsAUciqlPKNacaUCqSG6w==", "contato"=>{"nome"=>"leohvdohgod arroz", "telefone"=>"87561425", "email"=>"inok@5678kgmai.com", "curso"=>"siatema de informação"}, "commit"=>"Update Contato", "id"=>"1"}
  [1m[36mContato Load (0.4ms)[0m  [1m[34mSELECT  "contatos".* FROM "contatos" WHERE "contatos"."id" = $1 LIMIT $2[0m  [["id", 1], ["LIMIT", 1]]
  [1m[35m (2.7ms)[0m  [1m[35mBEGIN[0m
  [1m[35mSQL (6.6ms)[0m  [1m[33mUPDATE "contatos" SET "nome" = $1, "updated_at" = $2 WHERE "contatos"."id" = $3[0m  [["nome", "leohvdohgod arroz"], ["updated_at", 2016-11-05 01:06:02 UTC], ["id", 1]]
  [1m[35m (49.6ms)[0m  [1m[35mCOMMIT[0m
Redirected to http://localhost:3000/contatos/1
Completed 302 Found in 70ms (ActiveRecord: 61.2ms)


Started GET "/contatos/1" for 127.0.0.1 at 2016-11-04 22:06:02 -0300
Processing by ContatosController#show as HTML
  Parameters: {"id"=>"1"}
  [1m[36mContato Load (1.0ms)[0m  [1m[34mSELECT  "contatos".* FROM "contatos" WHERE "contatos"."id" = $1 LIMIT $2[0m  [["id", 1], ["LIMIT", 1]]
  Rendering contatos/show.html.erb within layouts/application
  Rendered contatos/show.html.erb within layouts/application (0.8ms)
Completed 200 OK in 49ms (Views: 44.8ms | ActiveRecord: 1.0ms)


Started GET "/contatos" for 127.0.0.1 at 2016-11-04 22:06:05 -0300
Processing by ContatosController#index as HTML
  Rendering contatos/index.html.erb within layouts/application
  [1m[36mContato Load (1.6ms)[0m  [1m[34mSELECT "contatos".* FROM "contatos"[0m
  Rendered contatos/index.html.erb within layouts/application (7.1ms)
Completed 200 OK in 51ms (Views: 47.8ms | ActiveRecord: 1.6ms)


Started DELETE "/contatos/2" for 127.0.0.1 at 2016-11-04 22:06:15 -0300
Processing by ContatosController#destroy as HTML
  Parameters: {"authenticity_token"=>"ASWD/ShO19UkaKle3IbZiUmR3R2R3ZR8RhVpJBExyog0kOGUpHlWySFPdwAS8uYOFFrbbAXLByU8sN4uUPVXVA==", "id"=>"2"}
  [1m[36mContato Load (0.4ms)[0m  [1m[34mSELECT  "contatos".* FROM "contatos" WHERE "contatos"."id" = $1 LIMIT $2[0m  [["id", 2], ["LIMIT", 1]]
  [1m[35m (0.3ms)[0m  [1m[35mBEGIN[0m
  [1m[35mSQL (1.0ms)[0m  [1m[31mDELETE FROM "contatos" WHERE "contatos"."id" = $1[0m  [["id", 2]]
  [1m[35m (58.4ms)[0m  [1m[35mCOMMIT[0m
Redirected to http://localhost:3000/contatos
Completed 302 Found in 65ms (ActiveRecord: 60.0ms)


Started GET "/contatos" for 127.0.0.1 at 2016-11-04 22:06:15 -0300
Processing by ContatosController#index as HTML
  Rendering contatos/index.html.erb within layouts/application
  [1m[36mContato Load (0.3ms)[0m  [1m[34mSELECT "contatos".* FROM "contatos"[0m
  Rendered contatos/index.html.erb within layouts/application (2.7ms)
Completed 200 OK in 50ms (Views: 48.2ms | ActiveRecord: 0.3ms)


Started DELETE "/contatos/3" for 127.0.0.1 at 2016-11-04 22:06:19 -0300
Processing by ContatosController#destroy as HTML
  Parameters: {"authenticity_token"=>"HM+Z1Ql4EvacuxcKdMIYjc5Fr7RGvHQ+izuig0XlOZYpevu8hU+T6pmcyVS6ticKk46pxdKq52fxnhWJBCGkSg==", "id"=>"3"}
  [1m[36mContato Load (0.4ms)[0m  [1m[34mSELECT  "contatos".* FROM "contatos" WHERE "contatos"."id" = $1 LIMIT $2[0m  [["id", 3], ["LIMIT", 1]]
  [1m[35m (1.0ms)[0m  [1m[35mBEGIN[0m
  [1m[35mSQL (2.4ms)[0m  [1m[31mDELETE FROM "contatos" WHERE "contatos"."id" = $1[0m  [["id", 3]]
  [1m[35m (72.6ms)[0m  [1m[35mCOMMIT[0m
Redirected to http://localhost:3000/contatos
Completed 302 Found in 79ms (ActiveRecord: 76.3ms)


Started GET "/contatos" for 127.0.0.1 at 2016-11-04 22:06:19 -0300
Processing by ContatosController#index as HTML
  Rendering contatos/index.html.erb within layouts/application
  [1m[36mContato Load (2.9ms)[0m  [1m[34mSELECT "contatos".* FROM "contatos"[0m
  Rendered contatos/index.html.erb within layouts/application (5.1ms)
Completed 200 OK in 48ms (Views: 44.3ms | ActiveRecord: 2.9ms)


Started DELETE "/contatos/4" for 127.0.0.1 at 2016-11-04 22:06:24 -0300
Processing by ContatosController#destroy as HTML
  Parameters: {"authenticity_token"=>"RxjDUQIwYPhJOJ9K9V6Uv9Q9RHYh3mSMFi70ElJKmlxyraE4jgfh5EwfQRQ7Kqs4ifZCB7XI99Vsi0MYE44HgA==", "id"=>"4"}
  [1m[36mContato Load (0.4ms)[0m  [1m[34mSELECT  "contatos".* FROM "contatos" WHERE "contatos"."id" = $1 LI